<?xml version="1.0" encoding="UTF-8"?>
<testng-results skipped="0" failed="0" total="2" passed="2">
  <reporter-output>
  </reporter-output>
  <suite name="Suite" duration-ms="43575" started-at="2017-06-02T01:23:19Z" finished-at="2017-06-02T01:24:02Z">
    <groups>
      <group name="Smk">
        <method signature="script_login.invalid_Login(java.util.Map)[pri:1, instance:Testscript.script_login@5c3bd550]" name="invalid_Login" class="Testscript.script_login"/>
        <method signature="script_login.valid_Login(java.util.Map)[pri:2, instance:Testscript.script_login@5c3bd550]" name="valid_Login" class="Testscript.script_login"/>
      </group> <!-- Smk -->
    </groups>
    <test name="Test" duration-ms="43575" started-at="2017-06-02T01:23:19Z" finished-at="2017-06-02T01:24:02Z">
      <class name="Testscript.script_login">
        <test-method status="PASS" signature="create_Report()[pri:0, instance:Testscript.script_login@5c3bd550]" name="create_Report" is-config="true" duration-ms="491" started-at="2017-06-02T06:53:18Z" finished-at="2017-06-02T06:53:19Z">
          <reporter-output>
          </reporter-output>
        </test-method> <!-- create_Report -->
        <test-method status="PASS" signature="launchApp(java.lang.String)[pri:0, instance:Testscript.script_login@5c3bd550]" name="launchApp" is-config="true" duration-ms="15052" started-at="2017-06-02T06:53:20Z" finished-at="2017-06-02T06:53:35Z">
          <params>
            <param index="0">
              <value>
                <![CDATA[ff]]>
              </value>
            </param>
          </params>
          <reporter-output>
          </reporter-output>
        </test-method> <!-- launchApp -->
        <test-method status="PASS" signature="invalid_Login(java.util.Map)[pri:1, instance:Testscript.script_login@5c3bd550]" name="invalid_Login" duration-ms="5097" started-at="2017-06-02T06:53:35Z" data-provider="invalidLogin" finished-at="2017-06-02T06:53:40Z">
          <params>
            <param index="0">
              <value>
                <![CDATA[{Order=1.0, Script=InvalidLogin, TC_ID=GB_01, Execute=Y, pwd=sfh, exp_msg=Sorry we were unable to complete this step because :, username=iweyr}]]>
              </value>
            </param>
          </params>
          <reporter-output>
          </reporter-output>
        </test-method> <!-- invalid_Login -->
        <test-method status="PASS" signature="cloaseApp()[pri:0, instance:Testscript.script_login@5c3bd550]" name="cloaseApp" is-config="true" duration-ms="488" started-at="2017-06-02T06:53:40Z" finished-at="2017-06-02T06:53:41Z">
          <reporter-output>
          </reporter-output>
        </test-method> <!-- cloaseApp -->
        <test-method status="PASS" signature="launchApp(java.lang.String)[pri:0, instance:Testscript.script_login@5c3bd550]" name="launchApp" is-config="true" duration-ms="13960" started-at="2017-06-02T06:53:41Z" finished-at="2017-06-02T06:53:55Z">
          <params>
            <param index="0">
              <value>
                <![CDATA[ff]]>
              </value>
            </param>
          </params>
          <reporter-output>
          </reporter-output>
        </test-method> <!-- launchApp -->
        <test-method status="PASS" signature="valid_Login(java.util.Map)[pri:2, instance:Testscript.script_login@5c3bd550]" name="valid_Login" duration-ms="7698" started-at="2017-06-02T06:53:55Z" data-provider="validLogin" finished-at="2017-06-02T06:54:02Z">
          <params>
            <param index="0">
              <value>
                <![CDATA[{Order=1.0, Script=ValidLogin, TC_ID=GB_07, Execute=Y, pwd=learn123, exp_msg=qtpworld2008, username=qtpworld2008@gmail.com}]]>
              </value>
            </param>
          </params>
          <reporter-output>
          </reporter-output>
        </test-method> <!-- valid_Login -->
        <test-method status="PASS" signature="cloaseApp()[pri:0, instance:Testscript.script_login@5c3bd550]" name="cloaseApp" is-config="true" duration-ms="183" started-at="2017-06-02T06:54:02Z" finished-at="2017-06-02T06:54:02Z">
          <reporter-output>
          </reporter-output>
        </test-method> <!-- cloaseApp -->
      </class> <!-- Testscript.script_login -->
    </test> <!-- Test -->
  </suite> <!-- Suite -->
</testng-results>
