<?xml version="1.0" encoding="UTF-8"?>
<testng-results skipped="0" failed="0" total="2" passed="2">
  <reporter-output>
  </reporter-output>
  <suite name="Suite" duration-ms="40722" started-at="2017-06-02T01:26:38Z" finished-at="2017-06-02T01:27:19Z">
    <groups>
      <group name="Smk">
        <method signature="script_login.invalid_Login(java.util.Map)[pri:1, instance:Testscript.script_login@1a407d53]" name="invalid_Login" class="Testscript.script_login"/>
        <method signature="script_login.valid_Login(java.util.Map)[pri:2, instance:Testscript.script_login@1a407d53]" name="valid_Login" class="Testscript.script_login"/>
      </group> <!-- Smk -->
    </groups>
    <test name="Test" duration-ms="40722" started-at="2017-06-02T01:26:38Z" finished-at="2017-06-02T01:27:19Z">
      <class name="Testscript.script_login">
        <test-method status="PASS" signature="create_Report()[pri:0, instance:Testscript.script_login@1a407d53]" name="create_Report" is-config="true" duration-ms="592" started-at="2017-06-02T06:56:38Z" finished-at="2017-06-02T06:56:38Z">
          <reporter-output>
          </reporter-output>
        </test-method> <!-- create_Report -->
        <test-method status="PASS" signature="launchApp(java.lang.String)[pri:0, instance:Testscript.script_login@1a407d53]" name="launchApp" is-config="true" duration-ms="14143" started-at="2017-06-02T06:56:39Z" finished-at="2017-06-02T06:56:53Z">
          <params>
            <param index="0">
              <value>
                <![CDATA[ff]]>
              </value>
            </param>
          </params>
          <reporter-output>
          </reporter-output>
        </test-method> <!-- launchApp -->
        <test-method status="PASS" signature="invalid_Login(java.util.Map)[pri:1, instance:Testscript.script_login@1a407d53]" name="invalid_Login" duration-ms="5186" started-at="2017-06-02T06:56:53Z" data-provider="invalidLogin" finished-at="2017-06-02T06:56:58Z">
          <params>
            <param index="0">
              <value>
                <![CDATA[{Order=1.0, Script=InvalidLogin, TC_ID=GB_01, Execute=Y, pwd=sfh, exp_msg=Sorry we were unable to complete this step because :, username=iweyr}]]>
              </value>
            </param>
          </params>
          <reporter-output>
          </reporter-output>
        </test-method> <!-- invalid_Login -->
        <test-method status="PASS" signature="cloaseApp()[pri:0, instance:Testscript.script_login@1a407d53]" name="cloaseApp" is-config="true" duration-ms="504" started-at="2017-06-02T06:56:58Z" finished-at="2017-06-02T06:56:59Z">
          <reporter-output>
          </reporter-output>
        </test-method> <!-- cloaseApp -->
        <test-method status="PASS" signature="launchApp(java.lang.String)[pri:0, instance:Testscript.script_login@1a407d53]" name="launchApp" is-config="true" duration-ms="12498" started-at="2017-06-02T06:56:59Z" finished-at="2017-06-02T06:57:12Z">
          <params>
            <param index="0">
              <value>
                <![CDATA[ff]]>
              </value>
            </param>
          </params>
          <reporter-output>
          </reporter-output>
        </test-method> <!-- launchApp -->
        <test-method status="PASS" signature="valid_Login(java.util.Map)[pri:2, instance:Testscript.script_login@1a407d53]" name="valid_Login" duration-ms="7090" started-at="2017-06-02T06:57:12Z" data-provider="validLogin" finished-at="2017-06-02T06:57:19Z">
          <params>
            <param index="0">
              <value>
                <![CDATA[{Order=1.0, Script=ValidLogin, TC_ID=GB_07, Execute=Y, pwd=learn123, exp_msg=qtpworld2008, username=qtpworld2008@gmail.com}]]>
              </value>
            </param>
          </params>
          <reporter-output>
          </reporter-output>
        </test-method> <!-- valid_Login -->
        <test-method status="PASS" signature="cloaseApp()[pri:0, instance:Testscript.script_login@1a407d53]" name="cloaseApp" is-config="true" duration-ms="196" started-at="2017-06-02T06:57:19Z" finished-at="2017-06-02T06:57:19Z">
          <reporter-output>
          </reporter-output>
        </test-method> <!-- cloaseApp -->
      </class> <!-- Testscript.script_login -->
    </test> <!-- Test -->
  </suite> <!-- Suite -->
</testng-results>
